<?xml version="1.0" encoding="UTF-8"?>
<testng-results ignored="0" total="1" passed="1" failed="0" skipped="0">
  <reporter-output>
  </reporter-output>
  <suite started-at="2024-11-25T11:41:36 GMT-06:00" name="mysuite" finished-at="2024-11-25T11:41:48 GMT-06:00" duration-ms="12192">
    <groups>
      <group name="cucumber">
        <method signature="AbstractTestNGCucumberTests.runScenario(io.cucumber.testng.PickleWrapper,io.cucumber.testng.FeatureWrapper)[pri:0, instance:TestRunner.runTest@56113384]" name="runScenario" class="io.cucumber.testng.AbstractTestNGCucumberTests"/>
      </group> <!-- cucumber -->
    </groups>
    <test started-at="2024-11-25T11:41:36 GMT-06:00" name="Test" finished-at="2024-11-25T11:41:48 GMT-06:00" duration-ms="12192">
      <class name="TestRunner.runTest">
        <test-method is-config="true" signature="setUpClass(org.testng.ITestContext)[pri:0, instance:TestRunner.runTest@56113384]" started-at="2024-11-25T11:41:36 GMT-06:00" name="setUpClass" finished-at="2024-11-25T11:41:37 GMT-06:00" duration-ms="754" status="PASS">
          <params>
            <param index="0">
              <value>
                <![CDATA[org.testng.TestRunner@1d289d3f]]>
              </value>
            </param>
          </params>
          <reporter-output>
          </reporter-output>
        </test-method> <!-- setUpClass -->
        <test-method signature="runScenario(io.cucumber.testng.PickleWrapper,io.cucumber.testng.FeatureWrapper)[pri:0, instance:TestRunner.runTest@56113384]" started-at="2024-11-25T11:41:37 GMT-06:00" name="runScenario" description="Runs Cucumber Scenarios" data-provider="scenarios" finished-at="2024-11-25T11:41:47 GMT-06:00" duration-ms="10503" status="PASS">
          <params>
            <param index="0">
              <value>
                <![CDATA["Add prdocut to cart"]]>
              </value>
            </param>
            <param index="1">
              <value>
                <![CDATA["Check the prodcut add into cart"]]>
              </value>
            </param>
          </params>
          <reporter-output>
          </reporter-output>
        </test-method> <!-- runScenario -->
        <test-method is-config="true" signature="tearDownClass()[pri:0, instance:TestRunner.runTest@56113384]" started-at="2024-11-25T11:41:47 GMT-06:00" name="tearDownClass" finished-at="2024-11-25T11:41:48 GMT-06:00" duration-ms="891" status="PASS">
          <reporter-output>
          </reporter-output>
        </test-method> <!-- tearDownClass -->
      </class> <!-- TestRunner.runTest -->
    </test> <!-- Test -->
  </suite> <!-- mysuite -->
</testng-results>
