<?xml version="1.0" encoding="UTF-8"?>
<testsuite xmlns:xsi="http://www.w3.org/2001/XMLSchema-instance" xsi:noNamespaceSchemaLocation="https://maven.apache.org/surefire/maven-surefire-plugin/xsd/surefire-test-report.xsd" version="3.0.2" name="TestSuite" time="13.336" tests="1" errors="0" skipped="0" failures="0">
  <properties>
[...]
</properties>
  <testcase name="runScenario[&quot;Add prdocut to cart&quot;, &quot;Check the prodcut add into cart&quot;](1)" classname="TestRunner.runTest" time="10.507">
    <system-out><![CDATA[
@Sanity, @Master
Scenario: Add prdocut to cart                 # Features/productAdd.feature:4
  Given open the url in browser               # stepDefinitions.step.open_the_url_in_browser()
  And Enter the email id "pavan999@gmail.com" # stepDefinitions.step.enter_the_email_id(java.lang.String)
  Then Enter the password "test@123"          # stepDefinitions.step.enter_the_password(java.lang.String)
  Then click on the login button              # stepDefinitions.step.click_on_the_login_button()
  Then click on the product tablet            # stepDefinitions.step.click_on_the_product_tablet()
  And click Add to cart                       # stepDefinitions.step.click_add_to_cart()
  Then chck the product add confirmation      # stepDefinitions.step.chck_the_product_add_confirmation()
  And close the browser                       # stepDefinitions.step.close_the_browser()
]]></system-out>
    <system-err><![CDATA[Nov 25, 2024 11:41:39 AM org.openqa.selenium.devtools.CdpVersionFinder findNearestMatch
WARNING: Unable to find an exact match for CDP version 131, returning the closest version; found: 129; Please update to a Selenium version that supports CDP version 131
]]></system-err>
  </testcase>
</testsuite>